<?xml version="1.0" encoding="UTF-8"?>
<!-- Generated by org.testng.reporters.JUnitReportReporter -->
<testsuite hostname="Ambikagunji" failures="0" tests="2" name="Tests.Placeorder_testdata_withhashmaps" time="55.228" errors="0" timestamp="2026-07-10T21:49:14 IST" skipped="0">
  <testcase classname="Tests.Placeorder_testdata_withhashmaps" name="placeorder" time="28.778"/>
  <testcase classname="Tests.Placeorder_testdata_withhashmaps" name="placeorder" time="26.450"/>
</testsuite> <!-- Tests.Placeorder_testdata_withhashmaps -->
