<?xml version="1.0" encoding="UTF-8"?>
<!-- Generated by org.testng.reporters.JUnitReportReporter -->
<testsuite hostname="Ambikagunji" failures="0" tests="2" name="Testfiles.framework_original" time="76.509" errors="0" timestamp="2026-07-11T14:22:18 IST" skipped="1">
  <testcase classname="Testfiles.framework_original" name="framework" time="45.706"/>
  <testcase classname="Testfiles.framework_original" name="framework" time="30.803">
    <skipped/>
  </testcase> <!-- framework -->
</testsuite> <!-- Testfiles.framework_original -->
