<?xml version="1.0" encoding="UTF-8"?>
<!-- Generated by org.testng.reporters.JUnitReportReporter -->
<testsuite hostname="Ambikagunji" failures="0" tests="2" name="Tests.Placeorder_with_testdatafrom_dataprovider" time="41.857" errors="0" timestamp="2026-07-10T21:47:28 IST" skipped="0">
  <testcase classname="Tests.Placeorder_with_testdatafrom_dataprovider" name="placeorder" time="17.454"/>
  <testcase classname="Tests.Placeorder_with_testdatafrom_dataprovider" name="placeorder" time="24.403"/>
</testsuite> <!-- Tests.Placeorder_with_testdatafrom_dataprovider -->
