<?xml version="1.0" encoding="UTF-8"?>
<!-- Generated by org.testng.reporters.JUnitXMLReporter -->
<testsuite ignored="4" hostname="Ambikagunji" failures="0" tests="0" time="0.018" errors="0" timestamp="2026-07-10T23:14:29 IST">
  <testcase classname="Tests.Placeorder_with_testdatafrom_dataprovider" name="placeorder" time="0.0">
    <ignored/>
  </testcase> <!-- placeorder -->
  <testcase classname="Tests.Placeorder" name="placeorder" time="0.0">
    <ignored/>
  </testcase> <!-- placeorder -->
  <testcase classname="Tests.Placeorder_testdata_withhashmaps" name="placeorder" time="0.0">
    <ignored/>
  </testcase> <!-- placeorder -->
  <testcase classname="Tests.Placeorderfor_multiple_jsontestsets" name="placeorder" time="0.0">
    <ignored/>
  </testcase> <!-- placeorder -->
</testsuite>
